This file contains any messages produced by compilers while
running configure, to aid debugging if configure makes a mistake.

It was created by cpuminer configure 1.0.2, which was
generated by GNU Autoconf 2.68.  Invocation command line was

  $ ./configure 

## --------- ##
## Platform. ##
## --------- ##

hostname = PhenBlackx6
uname -m = x86_64
uname -r = 3.1.1-pf
uname -s = Linux
uname -v = #2 SMP PREEMPT Sun Nov 13 07:30:19 CST 2011

/usr/bin/uname -p = AMD Phenom(tm) II X6 1100T Processor
/bin/uname -X     = unknown

/bin/arch              = unknown
/usr/bin/arch -k       = unknown
/usr/convex/getsysinfo = unknown
/usr/bin/hostinfo      = unknown
/bin/machine           = unknown
/usr/bin/oslevel       = unknown
/bin/universe          = unknown

PATH: /usr/local/sbin
PATH: /usr/sbin
PATH: /sbin
PATH: /usr/local/sbin
PATH: /usr/sbin
PATH: /sbin
PATH: /usr/local/bin
PATH: /usr/bin
PATH: /bin
PATH: /opt/bin
PATH: /usr/x86_64-pc-linux-gnu/gcc-bin/4.6.2
PATH: /usr/games/bin


## ----------- ##
## Core tests. ##
## ----------- ##

configure:2255: checking build system type
configure:2269: result: x86_64-unknown-linux-gnu
configure:2289: checking host system type
configure:2302: result: x86_64-unknown-linux-gnu
configure:2322: checking target system type
configure:2335: result: x86_64-unknown-linux-gnu
configure:2379: checking for a BSD-compatible install
configure:2447: result: /usr/bin/install -c
configure:2458: checking whether build environment is sane
configure:2508: result: yes
configure:2649: checking for a thread-safe mkdir -p
configure:2688: result: /bin/mkdir -p
configure:2701: checking for gawk
configure:2717: found /usr/bin/gawk
configure:2728: result: gawk
configure:2739: checking whether make sets $(MAKE)
configure:2761: result: yes
configure:2845: checking whether to enable maintainer-specific portions of Makefiles
configure:2854: result: no
configure:2916: checking for gcc
configure:2932: found /usr/bin/gcc
configure:2943: result: gcc
configure:3172: checking for C compiler version
configure:3181: gcc --version >&5
gcc (Gentoo 4.6.2 p1.0, pie-0.4.5) 4.6.2
Copyright (C) 2011 Free Software Foundation, Inc.
This is free software; see the source for copying conditions.  There is NO
warranty; not even for MERCHANTABILITY or FITNESS FOR A PARTICULAR PURPOSE.

configure:3192: $? = 0
configure:3181: gcc -v >&5
Reading specs from /usr/lib/gcc/x86_64-pc-linux-gnu/4.6.2/specs
COLLECT_GCC=/usr/x86_64-pc-linux-gnu/gcc-bin/4.6.2/gcc
COLLECT_LTO_WRAPPER=/usr/libexec/gcc/x86_64-pc-linux-gnu/4.6.2/lto-wrapper
Target: x86_64-pc-linux-gnu
Configured with: /var/tmp/portage/sys-devel/gcc-4.6.2/work/gcc-4.6.2/configure --prefix=/usr --bindir=/usr/x86_64-pc-linux-gnu/gcc-bin/4.6.2 --includedir=/usr/lib/gcc/x86_64-pc-linux-gnu/4.6.2/include --datadir=/usr/share/gcc-data/x86_64-pc-linux-gnu/4.6.2 --mandir=/usr/share/gcc-data/x86_64-pc-linux-gnu/4.6.2/man --infodir=/usr/share/gcc-data/x86_64-pc-linux-gnu/4.6.2/info --with-gxx-include-dir=/usr/lib/gcc/x86_64-pc-linux-gnu/4.6.2/include/g++-v4 --host=x86_64-pc-linux-gnu --build=x86_64-pc-linux-gnu --disable-altivec --disable-fixed-point --without-ppl --without-cloog --enable-lto --enable-nls --without-included-gettext --with-system-zlib --disable-werror --enable-secureplt --enable-multilib --enable-libmudflap --disable-libssp --enable-libgomp --with-python-dir=/share/gcc-data/x86_64-pc-linux-gnu/4.6.2/python --enable-checking=release --enable-java-awt=gtk --disable-libquadmath --enable-languages=c,c++,java --enable-shared --enable-threads=posix --enable-__cxa_atexit --enable-clocale=gnu --with-bugurl=http://bugs.gentoo.org/ --with-pkgversion='Gentoo 4.6.2 p1.0, pie-0.4.5'
Thread model: posix
gcc version 4.6.2 (Gentoo 4.6.2 p1.0, pie-0.4.5) 
configure:3192: $? = 0
configure:3181: gcc -V >&5
gcc: error: unrecognized option '-V'
gcc: fatal error: no input files
compilation terminated.
configure:3192: $? = 1
configure:3181: gcc -qversion >&5
gcc: error: unrecognized option '-qversion'
gcc: fatal error: no input files
compilation terminated.
configure:3192: $? = 1
configure:3212: checking whether the C compiler works
configure:3234: gcc -march=native -fno-builtin -fno-strict-aliasing -Ofast -pipe -msse4a    conftest.c  >&5
configure:3238: $? = 0
configure:3286: result: yes
configure:3289: checking for C compiler default output file name
configure:3291: result: a.out
configure:3297: checking for suffix of executables
configure:3304: gcc -o conftest -march=native -fno-builtin -fno-strict-aliasing -Ofast -pipe -msse4a    conftest.c  >&5
configure:3308: $? = 0
configure:3330: result: 
configure:3352: checking whether we are cross compiling
configure:3360: gcc -o conftest -march=native -fno-builtin -fno-strict-aliasing -Ofast -pipe -msse4a    conftest.c  >&5
configure:3364: $? = 0
configure:3371: ./conftest
configure:3375: $? = 0
configure:3390: result: no
configure:3395: checking for suffix of object files
configure:3417: gcc -c -march=native -fno-builtin -fno-strict-aliasing -Ofast -pipe -msse4a   conftest.c >&5
configure:3421: $? = 0
configure:3442: result: o
configure:3446: checking whether we are using the GNU C compiler
configure:3465: gcc -c -march=native -fno-builtin -fno-strict-aliasing -Ofast -pipe -msse4a   conftest.c >&5
configure:3465: $? = 0
configure:3474: result: yes
configure:3483: checking whether gcc accepts -g
configure:3503: gcc -c -g  conftest.c >&5
configure:3503: $? = 0
configure:3544: result: yes
configure:3561: checking for gcc option to accept ISO C89
configure:3625: gcc  -c -march=native -fno-builtin -fno-strict-aliasing -Ofast -pipe -msse4a   conftest.c >&5
configure:3625: $? = 0
configure:3638: result: none needed
configure:3669: checking for style of include used by make
configure:3697: result: GNU
configure:3722: checking dependency style of gcc
configure:3832: result: gcc3
configure:3853: checking how to run the C preprocessor
configure:3884: gcc -E  conftest.c
configure:3884: $? = 0
configure:3898: gcc -E  conftest.c
conftest.c:11:28: fatal error: ac_nonexistent.h: No such file or directory
compilation terminated.
configure:3898: $? = 1
configure: failed program was:
| /* confdefs.h */
| #define PACKAGE_NAME "cpuminer"
| #define PACKAGE_TARNAME "cpuminer"
| #define PACKAGE_VERSION "1.0.2"
| #define PACKAGE_STRING "cpuminer 1.0.2"
| #define PACKAGE_BUGREPORT ""
| #define PACKAGE_URL ""
| #define PACKAGE "cpuminer"
| #define VERSION "1.0.2"
| /* end confdefs.h.  */
| #include <ac_nonexistent.h>
configure:3923: result: gcc -E
configure:3943: gcc -E  conftest.c
configure:3943: $? = 0
configure:3957: gcc -E  conftest.c
conftest.c:11:28: fatal error: ac_nonexistent.h: No such file or directory
compilation terminated.
configure:3957: $? = 1
configure: failed program was:
| /* confdefs.h */
| #define PACKAGE_NAME "cpuminer"
| #define PACKAGE_TARNAME "cpuminer"
| #define PACKAGE_VERSION "1.0.2"
| #define PACKAGE_STRING "cpuminer 1.0.2"
| #define PACKAGE_BUGREPORT ""
| #define PACKAGE_URL ""
| #define PACKAGE "cpuminer"
| #define VERSION "1.0.2"
| /* end confdefs.h.  */
| #include <ac_nonexistent.h>
configure:3986: checking for grep that handles long lines and -e
configure:4044: result: /bin/grep
configure:4049: checking for egrep
configure:4111: result: /bin/grep -E
configure:4117: checking whether gcc needs -traditional
configure:4151: result: no
configure:4159: checking whether gcc and cc understand -c and -o together
configure:4190: gcc -c conftest.c -o conftest2.o >&5
configure:4194: $? = 0
configure:4200: gcc -c conftest.c -o conftest2.o >&5
configure:4204: $? = 0
configure:4215: cc -c conftest.c >&5
configure:4219: $? = 0
configure:4227: cc -c conftest.c -o conftest2.o >&5
configure:4231: $? = 0
configure:4237: cc -c conftest.c -o conftest2.o >&5
configure:4241: $? = 0
configure:4259: result: yes
configure:4327: checking for ranlib
configure:4343: found /usr/bin/ranlib
configure:4354: result: ranlib
configure:4377: checking for ANSI C header files
configure:4397: gcc -c -march=native -fno-builtin -fno-strict-aliasing -Ofast -pipe -msse4a   conftest.c >&5
configure:4397: $? = 0
configure:4470: gcc -o conftest -march=native -fno-builtin -fno-strict-aliasing -Ofast -pipe -msse4a    conftest.c  >&5
configure:4470: $? = 0
configure:4470: ./conftest
configure:4470: $? = 0
configure:4481: result: yes
configure:4494: checking for sys/types.h
configure:4494: gcc -c -march=native -fno-builtin -fno-strict-aliasing -Ofast -pipe -msse4a   conftest.c >&5
configure:4494: $? = 0
configure:4494: result: yes
configure:4494: checking for sys/stat.h
configure:4494: gcc -c -march=native -fno-builtin -fno-strict-aliasing -Ofast -pipe -msse4a   conftest.c >&5
configure:4494: $? = 0
configure:4494: result: yes
configure:4494: checking for stdlib.h
configure:4494: gcc -c -march=native -fno-builtin -fno-strict-aliasing -Ofast -pipe -msse4a   conftest.c >&5
configure:4494: $? = 0
configure:4494: result: yes
configure:4494: checking for string.h
configure:4494: gcc -c -march=native -fno-builtin -fno-strict-aliasing -Ofast -pipe -msse4a   conftest.c >&5
configure:4494: $? = 0
configure:4494: result: yes
configure:4494: checking for memory.h
configure:4494: gcc -c -march=native -fno-builtin -fno-strict-aliasing -Ofast -pipe -msse4a   conftest.c >&5
configure:4494: $? = 0
configure:4494: result: yes
configure:4494: checking for strings.h
configure:4494: gcc -c -march=native -fno-builtin -fno-strict-aliasing -Ofast -pipe -msse4a   conftest.c >&5
configure:4494: $? = 0
configure:4494: result: yes
configure:4494: checking for inttypes.h
configure:4494: gcc -c -march=native -fno-builtin -fno-strict-aliasing -Ofast -pipe -msse4a   conftest.c >&5
configure:4494: $? = 0
configure:4494: result: yes
configure:4494: checking for stdint.h
configure:4494: gcc -c -march=native -fno-builtin -fno-strict-aliasing -Ofast -pipe -msse4a   conftest.c >&5
configure:4494: $? = 0
configure:4494: result: yes
configure:4494: checking for unistd.h
configure:4494: gcc -c -march=native -fno-builtin -fno-strict-aliasing -Ofast -pipe -msse4a   conftest.c >&5
configure:4494: $? = 0
configure:4494: result: yes
configure:4508: checking syslog.h usability
configure:4508: gcc -c -march=native -fno-builtin -fno-strict-aliasing -Ofast -pipe -msse4a   conftest.c >&5
configure:4508: $? = 0
configure:4508: result: yes
configure:4508: checking syslog.h presence
configure:4508: gcc -E  conftest.c
configure:4508: $? = 0
configure:4508: result: yes
configure:4508: checking for syslog.h
configure:4508: result: yes
configure:4519: checking for size_t
configure:4519: gcc -c -march=native -fno-builtin -fno-strict-aliasing -Ofast -pipe -msse4a   conftest.c >&5
configure:4519: $? = 0
configure:4519: gcc -c -march=native -fno-builtin -fno-strict-aliasing -Ofast -pipe -msse4a   conftest.c >&5
conftest.c: In function 'main':
conftest.c:58:21: error: expected expression before ')' token
configure:4519: $? = 1
configure: failed program was:
| /* confdefs.h */
| #define PACKAGE_NAME "cpuminer"
| #define PACKAGE_TARNAME "cpuminer"
| #define PACKAGE_VERSION "1.0.2"
| #define PACKAGE_STRING "cpuminer 1.0.2"
| #define PACKAGE_BUGREPORT ""
| #define PACKAGE_URL ""
| #define PACKAGE "cpuminer"
| #define VERSION "1.0.2"
| #define STDC_HEADERS 1
| #define HAVE_SYS_TYPES_H 1
| #define HAVE_SYS_STAT_H 1
| #define HAVE_STDLIB_H 1
| #define HAVE_STRING_H 1
| #define HAVE_MEMORY_H 1
| #define HAVE_STRINGS_H 1
| #define HAVE_INTTYPES_H 1
| #define HAVE_STDINT_H 1
| #define HAVE_UNISTD_H 1
| #define HAVE_SYSLOG_H 1
| /* end confdefs.h.  */
| #include <stdio.h>
| #ifdef HAVE_SYS_TYPES_H
| # include <sys/types.h>
| #endif
| #ifdef HAVE_SYS_STAT_H
| # include <sys/stat.h>
| #endif
| #ifdef STDC_HEADERS
| # include <stdlib.h>
| # include <stddef.h>
| #else
| # ifdef HAVE_STDLIB_H
| #  include <stdlib.h>
| # endif
| #endif
| #ifdef HAVE_STRING_H
| # if !defined STDC_HEADERS && defined HAVE_MEMORY_H
| #  include <memory.h>
| # endif
| # include <string.h>
| #endif
| #ifdef HAVE_STRINGS_H
| # include <strings.h>
| #endif
| #ifdef HAVE_INTTYPES_H
| # include <inttypes.h>
| #endif
| #ifdef HAVE_STDINT_H
| # include <stdint.h>
| #endif
| #ifdef HAVE_UNISTD_H
| # include <unistd.h>
| #endif
| int
| main ()
| {
| if (sizeof ((size_t)))
| 	    return 0;
|   ;
|   return 0;
| }
configure:4519: result: yes
configure:4532: checking for working alloca.h
configure:4549: gcc -o conftest -march=native -fno-builtin -fno-strict-aliasing -Ofast -pipe -msse4a    conftest.c  >&5
configure:4549: $? = 0
configure:4557: result: yes
configure:4565: checking for alloca
configure:4602: gcc -o conftest -march=native -fno-builtin -fno-strict-aliasing -Ofast -pipe -msse4a    conftest.c  >&5
configure:4602: $? = 0
configure:4610: result: yes
configure:4739: checking for json_loads in -ljansson
configure:4764: gcc -o conftest -march=native -fno-builtin -fno-strict-aliasing -Ofast -pipe -msse4a    conftest.c -ljansson   >&5
/usr/lib/gcc/x86_64-pc-linux-gnu/4.6.2/../../../../x86_64-pc-linux-gnu/bin/ld: cannot find -ljansson
collect2: ld returned 1 exit status
configure:4764: $? = 1
configure: failed program was:
| /* confdefs.h */
| #define PACKAGE_NAME "cpuminer"
| #define PACKAGE_TARNAME "cpuminer"
| #define PACKAGE_VERSION "1.0.2"
| #define PACKAGE_STRING "cpuminer 1.0.2"
| #define PACKAGE_BUGREPORT ""
| #define PACKAGE_URL ""
| #define PACKAGE "cpuminer"
| #define VERSION "1.0.2"
| #define STDC_HEADERS 1
| #define HAVE_SYS_TYPES_H 1
| #define HAVE_SYS_STAT_H 1
| #define HAVE_STDLIB_H 1
| #define HAVE_STRING_H 1
| #define HAVE_MEMORY_H 1
| #define HAVE_STRINGS_H 1
| #define HAVE_INTTYPES_H 1
| #define HAVE_STDINT_H 1
| #define HAVE_UNISTD_H 1
| #define HAVE_SYSLOG_H 1
| #define HAVE_ALLOCA_H 1
| #define HAVE_ALLOCA 1
| /* end confdefs.h.  */
| 
| /* Override any GCC internal prototype to avoid an error.
|    Use char because int might match the return type of a GCC
|    builtin and then its argument prototype would still apply.  */
| #ifdef __cplusplus
| extern "C"
| #endif
| char json_loads ();
| int
| main ()
| {
| return json_loads ();
|   ;
|   return 0;
| }
configure:4773: result: no
configure:4781: checking for pthread_create in -lpthread
configure:4806: gcc -o conftest -march=native -fno-builtin -fno-strict-aliasing -Ofast -pipe -msse4a    conftest.c -lpthread   >&5
configure:4806: $? = 0
configure:4815: result: yes
configure:4857: checking for yasm
configure:4875: found /usr/bin/yasm
configure:4888: result: /usr/bin/yasm
configure:4897: checking if yasm version is greater than 1.0.1
configure:4919: result: yes
configure:4994: checking for pkg-config
configure:5012: found /usr/bin/pkg-config
configure:5024: result: /usr/bin/pkg-config
configure:5049: checking pkg-config is at least version 0.9.0
configure:5052: result: yes
configure:5100: checking for gawk
configure:5127: result: gawk
configure:5189: checking for curl-config
configure:5207: found /usr/bin/curl-config
configure:5219: result: /usr/bin/curl-config
configure:5230: checking for the version of libcurl
configure:5237: result: 7.22.0
configure:5244: checking for libcurl >= version 7.10.1
configure:5257: result: yes
configure:5298: checking whether libcurl is usable
configure:5331: gcc -o conftest -march=native -fno-builtin -fno-strict-aliasing -Ofast -pipe -msse4a     conftest.c -lcurl -lssl -lcrypto -lrt -lssl -lcrypto -ldl -lz -lz  >&5
configure:5331: $? = 0
configure:5345: result: yes
configure:5358: checking for curl_free
configure:5358: gcc -o conftest -march=native -fno-builtin -fno-strict-aliasing -Ofast -pipe -msse4a     conftest.c  -lcurl -lssl -lcrypto -lrt -lssl -lcrypto -ldl -lz -lz >&5
configure:5358: $? = 0
configure:5358: result: yes
configure:5601: creating ./config.status

## ---------------------- ##
## Running config.status. ##
## ---------------------- ##

This file was extended by cpuminer config.status 1.0.2, which was
generated by GNU Autoconf 2.68.  Invocation command line was

  CONFIG_FILES    = 
  CONFIG_HEADERS  = 
  CONFIG_LINKS    = 
  CONFIG_COMMANDS = 
  $ ./config.status 

on PhenBlackx6

config.status:921: creating Makefile
config.status:921: creating compat/Makefile
config.status:921: creating compat/jansson/Makefile
config.status:921: creating x86_64/Makefile
config.status:921: creating cpuminer-config.h
config.status:1150: executing depfiles commands

## ---------------- ##
## Cache variables. ##
## ---------------- ##

ac_cv_build=x86_64-unknown-linux-gnu
ac_cv_c_compiler_gnu=yes
ac_cv_env_CC_set=
ac_cv_env_CC_value=
ac_cv_env_CFLAGS_set=set
ac_cv_env_CFLAGS_value='-march=native -fno-builtin -fno-strict-aliasing -Ofast -pipe -msse4a '
ac_cv_env_CPPFLAGS_set=
ac_cv_env_CPPFLAGS_value=
ac_cv_env_CPP_set=
ac_cv_env_CPP_value=
ac_cv_env_LDFLAGS_set=
ac_cv_env_LDFLAGS_value=
ac_cv_env_LIBS_set=
ac_cv_env_LIBS_value=
ac_cv_env_PKG_CONFIG_LIBDIR_set=
ac_cv_env_PKG_CONFIG_LIBDIR_value=
ac_cv_env_PKG_CONFIG_PATH_set=
ac_cv_env_PKG_CONFIG_PATH_value=
ac_cv_env_PKG_CONFIG_set=
ac_cv_env_PKG_CONFIG_value=
ac_cv_env_build_alias_set=
ac_cv_env_build_alias_value=
ac_cv_env_host_alias_set=
ac_cv_env_host_alias_value=
ac_cv_env_target_alias_set=
ac_cv_env_target_alias_value=
ac_cv_func_alloca_works=yes
ac_cv_func_curl_free=yes
ac_cv_header_inttypes_h=yes
ac_cv_header_memory_h=yes
ac_cv_header_stdc=yes
ac_cv_header_stdint_h=yes
ac_cv_header_stdlib_h=yes
ac_cv_header_string_h=yes
ac_cv_header_strings_h=yes
ac_cv_header_sys_stat_h=yes
ac_cv_header_sys_types_h=yes
ac_cv_header_syslog_h=yes
ac_cv_header_unistd_h=yes
ac_cv_host=x86_64-unknown-linux-gnu
ac_cv_lib_jansson_json_loads=no
ac_cv_lib_pthread_pthread_create=yes
ac_cv_objext=o
ac_cv_path_EGREP='/bin/grep -E'
ac_cv_path_GREP=/bin/grep
ac_cv_path_YASM=/usr/bin/yasm
ac_cv_path__libcurl_config=/usr/bin/curl-config
ac_cv_path_ac_pt_PKG_CONFIG=/usr/bin/pkg-config
ac_cv_path_install='/usr/bin/install -c'
ac_cv_path_mkdir=/bin/mkdir
ac_cv_prog_AWK=gawk
ac_cv_prog_CPP='gcc -E'
ac_cv_prog_ac_ct_CC=gcc
ac_cv_prog_ac_ct_RANLIB=ranlib
ac_cv_prog_cc_c89=
ac_cv_prog_cc_g=yes
ac_cv_prog_cc_gcc_c_o=yes
ac_cv_prog_gcc_traditional=no
ac_cv_prog_make_make_set=yes
ac_cv_target=x86_64-unknown-linux-gnu
ac_cv_type_size_t=yes
ac_cv_working_alloca_h=yes
am_cv_CC_dependencies_compiler_type=gcc3
libcurl_cv_lib_curl_usable=yes
libcurl_cv_lib_curl_version=7.22.0
libcurl_cv_lib_version_ok=yes

## ----------------- ##
## Output variables. ##
## ----------------- ##

ACLOCAL='${SHELL} /usr/local/share/minerd/src/minerd/missing --run aclocal-1.11'
ALLOCA=''
AMDEPBACKSLASH='\'
AMDEP_FALSE='#'
AMDEP_TRUE=''
AMTAR='${SHELL} /usr/local/share/minerd/src/minerd/missing --run tar'
AUTOCONF='${SHELL} /usr/local/share/minerd/src/minerd/missing --run autoconf'
AUTOHEADER='${SHELL} /usr/local/share/minerd/src/minerd/missing --run autoheader'
AUTOMAKE='${SHELL} /usr/local/share/minerd/src/minerd/missing --run automake-1.11'
AWK='gawk'
CC='gcc'
CCDEPMODE='depmode=gcc3'
CFLAGS='-march=native -fno-builtin -fno-strict-aliasing -Ofast -pipe -msse4a '
CPP='gcc -E'
CPPFLAGS=''
CYGPATH_W='echo'
DEFS='-DHAVE_CONFIG_H'
DEPDIR='.deps'
ECHO_C=''
ECHO_N='-n'
ECHO_T=''
EGREP='/bin/grep -E'
EXEEXT=''
GREP='/bin/grep'
HAS_YASM_FALSE='#'
HAS_YASM_TRUE=''
HAVE_WINDOWS_FALSE=''
HAVE_WINDOWS_TRUE='#'
HAVE_x86_64_FALSE='#'
HAVE_x86_64_TRUE=''
INSTALL_DATA='${INSTALL} -m 644'
INSTALL_PROGRAM='${INSTALL}'
INSTALL_SCRIPT='${INSTALL}'
INSTALL_STRIP_PROGRAM='$(install_sh) -c -s'
JANSSON_LIBS='compat/jansson/libjansson.a'
LDFLAGS=''
LIBCURL='-lcurl -lssl -lcrypto -lrt -lssl -lcrypto -ldl -lz -lz'
LIBCURL_CPPFLAGS=''
LIBOBJS=''
LIBS=''
LTLIBOBJS=''
MAINT='#'
MAINTAINER_MODE_FALSE=''
MAINTAINER_MODE_TRUE='#'
MAKEINFO='${SHELL} /usr/local/share/minerd/src/minerd/missing --run makeinfo'
MKDIR_P='/bin/mkdir -p'
OBJEXT='o'
PACKAGE='cpuminer'
PACKAGE_BUGREPORT=''
PACKAGE_NAME='cpuminer'
PACKAGE_STRING='cpuminer 1.0.2'
PACKAGE_TARNAME='cpuminer'
PACKAGE_URL=''
PACKAGE_VERSION='1.0.2'
PATH_SEPARATOR=':'
PKG_CONFIG='/usr/bin/pkg-config'
PKG_CONFIG_LIBDIR=''
PKG_CONFIG_PATH=''
PTHREAD_FLAGS='-pthread'
PTHREAD_LIBS='-lpthread'
RANLIB='ranlib'
SET_MAKE=''
SHELL='/bin/sh'
STRIP=''
VERSION='1.0.2'
WANT_JANSSON_FALSE='#'
WANT_JANSSON_TRUE=''
YASM='/usr/bin/yasm'
_libcurl_config=''
ac_ct_CC='gcc'
am__EXEEXT_FALSE=''
am__EXEEXT_TRUE='#'
am__fastdepCC_FALSE='#'
am__fastdepCC_TRUE=''
am__include='include'
am__isrc=''
am__leading_dot='.'
am__quote=''
am__tar='${AMTAR} chof - "$$tardir"'
am__untar='${AMTAR} xf -'
bindir='${exec_prefix}/bin'
build='x86_64-unknown-linux-gnu'
build_alias=''
build_cpu='x86_64'
build_os='linux-gnu'
build_vendor='unknown'
datadir='${datarootdir}'
datarootdir='${prefix}/share'
docdir='${datarootdir}/doc/${PACKAGE_TARNAME}'
dvidir='${docdir}'
exec_prefix='${prefix}'
host='x86_64-unknown-linux-gnu'
host_alias=''
host_cpu='x86_64'
host_os='linux-gnu'
host_vendor='unknown'
htmldir='${docdir}'
includedir='${prefix}/include'
infodir='${datarootdir}/info'
install_sh='${SHELL} /usr/local/share/minerd/src/minerd/install-sh'
libdir='${exec_prefix}/lib'
libexecdir='${exec_prefix}/libexec'
localedir='${datarootdir}/locale'
localstatedir='${prefix}/var'
mandir='${datarootdir}/man'
mkdir_p='/bin/mkdir -p'
oldincludedir='/usr/include'
pdfdir='${docdir}'
prefix='/usr/local'
program_transform_name='s,x,x,'
psdir='${docdir}'
sbindir='${exec_prefix}/sbin'
sharedstatedir='${prefix}/com'
sysconfdir='${prefix}/etc'
target='x86_64-unknown-linux-gnu'
target_alias=''
target_cpu='x86_64'
target_os='linux-gnu'
target_vendor='unknown'

## ----------- ##
## confdefs.h. ##
## ----------- ##

/* confdefs.h */
#define PACKAGE_NAME "cpuminer"
#define PACKAGE_TARNAME "cpuminer"
#define PACKAGE_VERSION "1.0.2"
#define PACKAGE_STRING "cpuminer 1.0.2"
#define PACKAGE_BUGREPORT ""
#define PACKAGE_URL ""
#define PACKAGE "cpuminer"
#define VERSION "1.0.2"
#define STDC_HEADERS 1
#define HAVE_SYS_TYPES_H 1
#define HAVE_SYS_STAT_H 1
#define HAVE_STDLIB_H 1
#define HAVE_STRING_H 1
#define HAVE_MEMORY_H 1
#define HAVE_STRINGS_H 1
#define HAVE_INTTYPES_H 1
#define HAVE_STDINT_H 1
#define HAVE_UNISTD_H 1
#define HAVE_SYSLOG_H 1
#define HAVE_ALLOCA_H 1
#define HAVE_ALLOCA 1
#define HAVE_LIBCURL 1
#define LIBCURL_FEATURE_SSL 1
#define LIBCURL_FEATURE_LIBZ 1
#define LIBCURL_FEATURE_NTLM 1
#define LIBCURL_FEATURE_NTLM_WB 1
#define LIBCURL_PROTOCOL_DICT 1
#define LIBCURL_PROTOCOL_FILE 1
#define LIBCURL_PROTOCOL_FTP 1
#define LIBCURL_PROTOCOL_FTPS 1
#define LIBCURL_PROTOCOL_GOPHER 1
#define LIBCURL_PROTOCOL_HTTP 1
#define LIBCURL_PROTOCOL_HTTPS 1
#define LIBCURL_PROTOCOL_IMAP 1
#define LIBCURL_PROTOCOL_IMAPS 1
#define LIBCURL_PROTOCOL_POP3 1
#define LIBCURL_PROTOCOL_POP3S 1
#define LIBCURL_PROTOCOL_RTSP 1
#define LIBCURL_PROTOCOL_SMTP 1
#define LIBCURL_PROTOCOL_SMTPS 1
#define LIBCURL_PROTOCOL_TELNET 1
#define LIBCURL_PROTOCOL_TFTP 1

configure: exit 0
